
> bpl-commander-backend@1.0.0 dev /Users/schandel/Downloads/BPL Commander Project Management App (Copy)/backend
> nodemon src/index.ts

[33m[nodemon] 3.1.10[39m
[33m[nodemon] to restart at any time, enter `rs`[39m
[33m[nodemon] watching path(s): *.*[39m
[33m[nodemon] watching extensions: ts,json[39m
[32m[nodemon] starting `ts-node src/index.ts`[39m
[dotenv@17.2.1] injecting env (11) from .env -- tip: 📡 auto-backup env with Radar: https://dotenvx.com/radar
Error: listen EADDRINUSE: address already in use :::3001
    at Server.setupListenHandle [as _listen2] (net.js:1331:16)
    at listenInCluster (net.js:1379:12)
    at Server.listen (net.js:1465:7)
    at Function.listen (/Users/schandel/Downloads/BPL Commander Project Management App (Copy)/node_modules/express/lib/application.js:635:24)
    at Object.<anonymous> (/Users/schandel/Downloads/BPL Commander Project Management App (Copy)/backend/src/index.ts:119:20)
    at Module._compile (internal/modules/cjs/loader.js:1114:14)
    at Module.m._compile (/Users/schandel/Downloads/BPL Commander Project Management App (Copy)/node_modules/ts-node/src/index.ts:1618:23)
    at Module._extensions..js (internal/modules/cjs/loader.js:1143:10)
    at Object.require.extensions.<computed> [as .ts] (/Users/schandel/Downloads/BPL Commander Project Management App (Copy)/node_modules/ts-node/src/index.ts:1621:12)
    at Module.load (internal/modules/cjs/loader.js:979:32) {
  code: 'EADDRINUSE',
  errno: -48,
  syscall: 'listen',
  address: '::',
  port: 3001
}
[31m[nodemon] app crashed - waiting for file changes before starting...[39m
events.js:377
      throw er; // Unhandled 'error' event
      ^

Error: read EIO
    at TTY.onStreamRead (internal/stream_base_commons.js:209:20)
Emitted 'error' event on ReadStream instance at:
    at emitErrorNT (internal/streams/destroy.js:106:8)
    at emitErrorCloseNT (internal/streams/destroy.js:74:3)
    at processTicksAndRejections (internal/process/task_queues.js:82:21) {
  errno: -5,
  code: 'EIO',
  syscall: 'read'
}
